# JRE version: OpenJDK Runtime Environment Temurin-21.0.10+7 (21.0.10+7) (build 21.0.10+7-LTS)
# Java VM: OpenJDK 64-Bit Server VM Temurin-21.0.10+7 (21.0.10+7-LTS, mixed mode, sharing, tiered, compressed oops, compressed class ptrs, parallel gc, windows-amd64)
GC Precious Log:
 CardTable entry size: 512
 CPUs: 8 total, 8 available
 Memory: 7902M
 Large Page Support: Disabled
 NUMA Support: Disabled
 Compressed Oops: Enabled (32-bit)
 Alignments: Space 512K, Generation 512K, Heap 2M
 Heap Min Capacity: 100M
 Heap Initial Capacity: 100M
 Heap Max Capacity: 2G
 Pre-touch: Disabled
 Parallel Workers: 8
Heap:
 PSYoungGen      total 1536K, used 650K [0x00000000d5580000, 0x00000000d5880000, 0x0000000100000000)
  eden space 1024K, 33% used [0x00000000d5580000,0x00000000d55d6918,0x00000000d5680000)
  from space 512K, 59% used [0x00000000d5780000,0x00000000d57cc030,0x00000000d5800000)
  to   space 512K, 0% used [0x00000000d5800000,0x00000000d5800000,0x00000000d5880000)
 ParOldGen       total 359424K, used 208097K [0x0000000080000000, 0x0000000095f00000, 0x00000000d5580000)
  object space 359424K, 57% used [0x0000000080000000,0x000000008cb38628,0x0000000095f00000)
 Metaspace       used 86360K, committed 87872K, reserved 1179648K
  class space    used 8945K, committed 9600K, reserved 1048576K
GC Heap History (20 events):
Event: 7498.516 GC heap before
{Heap before GC invocations=766 (full 4):
 PSYoungGen      total 1536K, used 1344K [0x00000000d5580000, 0x00000000d5880000, 0x0000000100000000)
  eden space 1024K, 100% used [0x00000000d5580000,0x00000000d5680000,0x00000000d5680000)
  from space 512K, 62% used [0x00000000d5780000,0x00000000d57d0000,0x00000000d5800000)
  to   space 512K, 0% used [0x00000000d5800000,0x00000000d5800000,0x00000000d5880000)
 ParOldGen       total 359424K, used 206469K [0x0000000080000000, 0x0000000095f00000, 0x00000000d5580000)
  object space 359424K, 57% used [0x0000000080000000,0x000000008c9a1418,0x0000000095f00000)
 Metaspace       used 86094K, committed 87552K, reserved 1179648K
  class space    used 8911K, committed 9536K, reserved 1048576K
}
Event: 7498.519 GC heap after
{Heap after GC invocations=766 (full 4):
 PSYoungGen      total 1536K, used 404K [0x00000000d5580000, 0x00000000d5880000, 0x0000000100000000)
  eden space 1024K, 0% used [0x00000000d5580000,0x00000000d5580000,0x00000000d5680000)
  from space 512K, 79% used [0x00000000d5800000,0x00000000d5865200,0x00000000d5880000)
  to   space 512K, 0% used [0x00000000d5780000,0x00000000d5780000,0x00000000d5800000)
 ParOldGen       total 359424K, used 206653K [0x0000000080000000, 0x0000000095f00000, 0x00000000d5580000)
  object space 359424K, 57% used [0x0000000080000000,0x000000008c9cf418,0x0000000095f00000)
 Metaspace       used 86094K, committed 87552K, reserved 1179648K
  class space    used 8911K, committed 9536K, reserved 1048576K
}
Event: 7498.529 GC heap before
{Heap before GC invocations=767 (full 4):
 PSYoungGen      total 1536K, used 1428K [0x00000000d5580000, 0x00000000d5880000, 0x0000000100000000)
  eden space 1024K, 100% used [0x00000000d5580000,0x00000000d5680000,0x00000000d5680000)
  from space 512K, 79% used [0x00000000d5800000,0x00000000d5865200,0x00000000d5880000)
  to   space 512K, 0% used [0x00000000d5780000,0x00000000d5780000,0x00000000d5800000)
 ParOldGen       total 359424K, used 206653K [0x0000000080000000, 0x0000000095f00000, 0x00000000d5580000)
  object space 359424K, 57% used [0x0000000080000000,0x000000008c9cf418,0x0000000095f00000)
 Metaspace       used 86094K, committed 87552K, reserved 1179648K
  class space    used 8911K, committed 9536K, reserved 1048576K
}
Event: 7498.532 GC heap after
{Heap after GC invocations=767 (full 4):
 PSYoungGen      total 1536K, used 320K [0x00000000d5580000, 0x00000000d5880000, 0x0000000100000000)
  eden space 1024K, 0% used [0x00000000d5580000,0x00000000d5580000,0x00000000d5680000)
  from space 512K, 62% used [0x00000000d5780000,0x00000000d57d0000,0x00000000d5800000)
  to   space 512K, 0% used [0x00000000d5800000,0x00000000d5800000,0x00000000d5880000)
 ParOldGen       total 359424K, used 206921K [0x0000000080000000, 0x0000000095f00000, 0x00000000d5580000)
  object space 359424K, 57% used [0x0000000080000000,0x000000008ca12618,0x0000000095f00000)
 Metaspace       used 86094K, committed 87552K, reserved 1179648K
  class space    used 8911K, committed 9536K, reserved 1048576K
}
Event: 7498.541 GC heap before
{Heap before GC invocations=768 (full 4):
 PSYoungGen      total 1536K, used 1344K [0x00000000d5580000, 0x00000000d5880000, 0x0000000100000000)
  eden space 1024K, 100% used [0x00000000d5580000,0x00000000d5680000,0x00000000d5680000)
  from space 512K, 62% used [0x00000000d5780000,0x00000000d57d0000,0x00000000d5800000)
  to   space 512K, 0% used [0x00000000d5800000,0x00000000d5800000,0x00000000d5880000)
 ParOldGen       total 359424K, used 206921K [0x0000000080000000, 0x0000000095f00000, 0x00000000d5580000)
  object space 359424K, 57% used [0x0000000080000000,0x000000008ca12618,0x0000000095f00000)
 Metaspace       used 86095K, committed 87616K, reserved 1179648K
  class space    used 8911K, committed 9536K, reserved 1048576K
}
Event: 7498.544 GC heap after
{Heap after GC invocations=768 (full 4):
 PSYoungGen      total 1536K, used 288K [0x00000000d5580000, 0x00000000d5880000, 0x0000000100000000)
  eden space 1024K, 0% used [0x00000000d5580000,0x00000000d5580000,0x00000000d5680000)
  from space 512K, 56% used [0x00000000d5800000,0x00000000d5848000,0x00000000d5880000)
  to   space 512K, 0% used [0x00000000d5780000,0x00000000d5780000,0x00000000d5800000)
 ParOldGen       total 359424K, used 207169K [0x0000000080000000, 0x0000000095f00000, 0x00000000d5580000)
  object space 359424K, 57% used [0x0000000080000000,0x000000008ca50628,0x0000000095f00000)
 Metaspace       used 86095K, committed 87616K, reserved 1179648K
  class space    used 8911K, committed 9536K, reserved 1048576K
}
Event: 7498.549 GC heap before
{Heap before GC invocations=769 (full 4):
 PSYoungGen      total 1536K, used 1312K [0x00000000d5580000, 0x00000000d5880000, 0x0000000100000000)
  eden space 1024K, 100% used [0x00000000d5580000,0x00000000d5680000,0x00000000d5680000)
  from space 512K, 56% used [0x00000000d5800000,0x00000000d5848000,0x00000000d5880000)
  to   space 512K, 0% used [0x00000000d5780000,0x00000000d5780000,0x00000000d5800000)
 ParOldGen       total 359424K, used 207169K [0x0000000080000000, 0x0000000095f00000, 0x00000000d5580000)
  object space 359424K, 57% used [0x0000000080000000,0x000000008ca50628,0x0000000095f00000)
 Metaspace       used 86095K, committed 87616K, reserved 1179648K
  class space    used 8911K, committed 9536K, reserved 1048576K
}
Event: 7498.551 GC heap after
{Heap after GC invocations=769 (full 4):
 PSYoungGen      total 1536K, used 256K [0x00000000d5580000, 0x00000000d5880000, 0x0000000100000000)
  eden space 1024K, 0% used [0x00000000d5580000,0x00000000d5580000,0x00000000d5680000)
  from space 512K, 50% used [0x00000000d5780000,0x00000000d57c0000,0x00000000d5800000)
  to   space 512K, 0% used [0x00000000d5800000,0x00000000d5800000,0x00000000d5880000)
 ParOldGen       total 359424K, used 207361K [0x0000000080000000, 0x0000000095f00000, 0x00000000d5580000)
  object space 359424K, 57% used [0x0000000080000000,0x000000008ca80628,0x0000000095f00000)
 Metaspace       used 86095K, committed 87616K, reserved 1179648K
  class space    used 8911K, committed 9536K, reserved 1048576K
}
Event: 7498.561 GC heap before
{Heap before GC invocations=770 (full 4):
 PSYoungGen      total 1536K, used 1280K [0x00000000d5580000, 0x00000000d5880000, 0x0000000100000000)
  eden space 1024K, 100% used [0x00000000d5580000,0x00000000d5680000,0x00000000d5680000)
  from space 512K, 50% used [0x00000000d5780000,0x00000000d57c0000,0x00000000d5800000)
  to   space 512K, 0% used [0x00000000d5800000,0x00000000d5800000,0x00000000d5880000)
 ParOldGen       total 359424K, used 207361K [0x0000000080000000, 0x0000000095f00000, 0x00000000d5580000)
  object space 359424K, 57% used [0x0000000080000000,0x000000008ca80628,0x0000000095f00000)
 Metaspace       used 86095K, committed 87616K, reserved 1179648K
  class space    used 8911K, committed 9536K, reserved 1048576K
}
Event: 7498.564 GC heap after
{Heap after GC invocations=770 (full 4):
 PSYoungGen      total 1536K, used 288K [0x00000000d5580000, 0x00000000d5880000, 0x0000000100000000)
  eden space 1024K, 0% used [0x00000000d5580000,0x00000000d5580000,0x00000000d5680000)
  from space 512K, 56% used [0x00000000d5800000,0x00000000d5848000,0x00000000d5880000)
  to   space 512K, 0% used [0x00000000d5780000,0x00000000d5780000,0x00000000d5800000)
 ParOldGen       total 359424K, used 207481K [0x0000000080000000, 0x0000000095f00000, 0x00000000d5580000)
  object space 359424K, 57% used [0x0000000080000000,0x000000008ca9e628,0x0000000095f00000)
 Metaspace       used 86095K, committed 87616K, reserved 1179648K
  class space    used 8911K, committed 9536K, reserved 1048576K
}
Event: 7506.289 GC heap before
{Heap before GC invocations=771 (full 4):
 PSYoungGen      total 1536K, used 1311K [0x00000000d5580000, 0x00000000d5880000, 0x0000000100000000)
  eden space 1024K, 99% used [0x00000000d5580000,0x00000000d567fff0,0x00000000d5680000)
  from space 512K, 56% used [0x00000000d5800000,0x00000000d5848000,0x00000000d5880000)
  to   space 512K, 0% used [0x00000000d5780000,0x00000000d5780000,0x00000000d5800000)
 ParOldGen       total 359424K, used 207481K [0x0000000080000000, 0x0000000095f00000, 0x00000000d5580000)
  object space 359424K, 57% used [0x0000000080000000,0x000000008ca9e628,0x0000000095f00000)
 Metaspace       used 86095K, committed 87616K, reserved 1179648K
  class space    used 8911K, committed 9536K, reserved 1048576K
}
Event: 7506.297 GC heap after
{Heap after GC invocations=771 (full 4):
 PSYoungGen      total 1536K, used 320K [0x00000000d5580000, 0x00000000d5880000, 0x0000000100000000)
  eden space 1024K, 0% used [0x00000000d5580000,0x00000000d5580000,0x00000000d5680000)
  from space 512K, 62% used [0x00000000d5780000,0x00000000d57d0000,0x00000000d5800000)
  to   space 512K, 0% used [0x00000000d5800000,0x00000000d5800000,0x00000000d5880000)
 ParOldGen       total 359424K, used 207673K [0x0000000080000000, 0x0000000095f00000, 0x00000000d5580000)
  object space 359424K, 57% used [0x0000000080000000,0x000000008cace628,0x0000000095f00000)
 Metaspace       used 86095K, committed 87616K, reserved 1179648K
  class space    used 8911K, committed 9536K, reserved 1048576K
}
Event: 7560.368 GC heap before
{Heap before GC invocations=772 (full 4):
 PSYoungGen      total 1536K, used 1334K [0x00000000d5580000, 0x00000000d5880000, 0x0000000100000000)
  eden space 1024K, 99% used [0x00000000d5580000,0x00000000d567d9b8,0x00000000d5680000)
  from space 512K, 62% used [0x00000000d5780000,0x00000000d57d0000,0x00000000d5800000)
  to   space 512K, 0% used [0x00000000d5800000,0x00000000d5800000,0x00000000d5880000)
 ParOldGen       total 359424K, used 207673K [0x0000000080000000, 0x0000000095f00000, 0x00000000d5580000)
  object space 359424K, 57% used [0x0000000080000000,0x000000008cace628,0x0000000095f00000)
 Metaspace       used 86196K, committed 87680K, reserved 1179648K
  class space    used 8924K, committed 9536K, reserved 1048576K
}
Event: 7560.453 GC heap after
{Heap after GC invocations=772 (full 4):
 PSYoungGen      total 1536K, used 224K [0x00000000d5580000, 0x00000000d5880000, 0x0000000100000000)
  eden space 1024K, 0% used [0x00000000d5580000,0x00000000d5580000,0x00000000d5680000)
  from space 512K, 43% used [0x00000000d5800000,0x00000000d5838000,0x00000000d5880000)
  to   space 512K, 0% used [0x00000000d5780000,0x00000000d5780000,0x00000000d5800000)
 ParOldGen       total 359424K, used 207825K [0x0000000080000000, 0x0000000095f00000, 0x00000000d5580000)
  object space 359424K, 57% used [0x0000000080000000,0x000000008caf4628,0x0000000095f00000)
 Metaspace       used 86196K, committed 87680K, reserved 1179648K
  class space    used 8924K, committed 9536K, reserved 1048576K
}
Event: 7560.909 GC heap before
{Heap before GC invocations=773 (full 4):
 PSYoungGen      total 1536K, used 1248K [0x00000000d5580000, 0x00000000d5880000, 0x0000000100000000)
  eden space 1024K, 100% used [0x00000000d5580000,0x00000000d5680000,0x00000000d5680000)
  from space 512K, 43% used [0x00000000d5800000,0x00000000d5838000,0x00000000d5880000)
  to   space 512K, 0% used [0x00000000d5780000,0x00000000d5780000,0x00000000d5800000)
 ParOldGen       total 359424K, used 207825K [0x0000000080000000, 0x0000000095f00000, 0x00000000d5580000)
  object space 359424K, 57% used [0x0000000080000000,0x000000008caf4628,0x0000000095f00000)
 Metaspace       used 86287K, committed 87808K, reserved 1179648K
  class space    used 8935K, committed 9600K, reserved 1048576K
}
Event: 7560.915 GC heap after
{Heap after GC invocations=773 (full 4):
 PSYoungGen      total 1536K, used 256K [0x00000000d5580000, 0x00000000d5880000, 0x0000000100000000)
  eden space 1024K, 0% used [0x00000000d5580000,0x00000000d5580000,0x00000000d5680000)
  from space 512K, 50% used [0x00000000d5780000,0x00000000d57c0000,0x00000000d5800000)
  to   space 512K, 0% used [0x00000000d5800000,0x00000000d5800000,0x00000000d5880000)
 ParOldGen       total 359424K, used 207881K [0x0000000080000000, 0x0000000095f00000, 0x00000000d5580000)
  object space 359424K, 57% used [0x0000000080000000,0x000000008cb02628,0x0000000095f00000)
 Metaspace       used 86287K, committed 87808K, reserved 1179648K
  class space    used 8935K, committed 9600K, reserved 1048576K
}
Event: 7561.153 GC heap before
{Heap before GC invocations=774 (full 4):
 PSYoungGen      total 1536K, used 1280K [0x00000000d5580000, 0x00000000d5880000, 0x0000000100000000)
  eden space 1024K, 100% used [0x00000000d5580000,0x00000000d5680000,0x00000000d5680000)
  from space 512K, 50% used [0x00000000d5780000,0x00000000d57c0000,0x00000000d5800000)
  to   space 512K, 0% used [0x00000000d5800000,0x00000000d5800000,0x00000000d5880000)
 ParOldGen       total 359424K, used 207881K [0x0000000080000000, 0x0000000095f00000, 0x00000000d5580000)
  object space 359424K, 57% used [0x0000000080000000,0x000000008cb02628,0x0000000095f00000)
 Metaspace       used 86355K, committed 87872K, reserved 1179648K
  class space    used 8945K, committed 9600K, reserved 1048576K
}
Event: 7561.155 GC heap after
{Heap after GC invocations=774 (full 4):
 PSYoungGen      total 1536K, used 256K [0x00000000d5580000, 0x00000000d5880000, 0x0000000100000000)
  eden space 1024K, 0% used [0x00000000d5580000,0x00000000d5580000,0x00000000d5680000)
  from space 512K, 50% used [0x00000000d5800000,0x00000000d5840000,0x00000000d5880000)
  to   space 512K, 0% used [0x00000000d5780000,0x00000000d5780000,0x00000000d5800000)
 ParOldGen       total 359424K, used 207977K [0x0000000080000000, 0x0000000095f00000, 0x00000000d5580000)
  object space 359424K, 57% used [0x0000000080000000,0x000000008cb1a628,0x0000000095f00000)
 Metaspace       used 86355K, committed 87872K, reserved 1179648K
  class space    used 8945K, committed 9600K, reserved 1048576K
}
Event: 7561.462 GC heap before
{Heap before GC invocations=775 (full 4):
 PSYoungGen      total 1536K, used 1280K [0x00000000d5580000, 0x00000000d5880000, 0x0000000100000000)
  eden space 1024K, 100% used [0x00000000d5580000,0x00000000d5680000,0x00000000d5680000)
  from space 512K, 50% used [0x00000000d5800000,0x00000000d5840000,0x00000000d5880000)
  to   space 512K, 0% used [0x00000000d5780000,0x00000000d5780000,0x00000000d5800000)
 ParOldGen       total 359424K, used 207977K [0x0000000080000000, 0x0000000095f00000, 0x00000000d5580000)
  object space 359424K, 57% used [0x0000000080000000,0x000000008cb1a628,0x0000000095f00000)
 Metaspace       used 86359K, committed 87872K, reserved 1179648K
  class space    used 8945K, committed 9600K, reserved 1048576K
}
Event: 7561.468 GC heap after
{Heap after GC invocations=775 (full 4):
 PSYoungGen      total 1536K, used 304K [0x00000000d5580000, 0x00000000d5880000, 0x0000000100000000)
  eden space 1024K, 0% used [0x00000000d5580000,0x00000000d5580000,0x00000000d5680000)
  from space 512K, 59% used [0x00000000d5780000,0x00000000d57cc030,0x00000000d5800000)
  to   space 512K, 0% used [0x00000000d5800000,0x00000000d5800000,0x00000000d5880000)
 ParOldGen       total 359424K, used 208097K [0x0000000080000000, 0x0000000095f00000, 0x00000000d5580000)
  object space 359424K, 57% used [0x0000000080000000,0x000000008cb38628,0x0000000095f00000)
 Metaspace       used 86359K, committed 87872K, reserved 1179648K
  class space    used 8945K, committed 9600K, reserved 1048576K
}

